<?xml version="1.0" encoding="UTF-8"?>
<!-- Generated by org.testng.reporters.JUnitReportReporter -->
<testsuite hostname="DESKTOP-TFRDF44" failures="0" tests="1" name="crm.prctice.dummy" time="0.021" errors="0" timestamp="2021-11-11T12:59:42 IST" skipped="0">
  <testcase classname="crm.prctice.dummy" name="dummy1" time="0.021"/>
  <system-out/>
</testsuite> <!-- crm.prctice.dummy -->
