<?xml version="1.0" encoding="UTF-8"?>
<!-- Generated by org.testng.reporters.JUnitReportReporter -->
<testsuite hostname="DESKTOP-TFRDF44" failures="0" tests="1" name="crm.prctice.class1" time="0.016" errors="0" timestamp="2021-11-11T12:11:24 IST" skipped="0">
  <testcase classname="crm.prctice.class1" name="demo" time="0.016"/>
  <system-out/>
</testsuite> <!-- crm.prctice.class1 -->
