<?xml version="1.0" encoding="UTF-8"?>
<!-- Generated by org.testng.reporters.JUnitReportReporter -->
<testsuite hostname="DESKTOP-TFRDF44" failures="0" tests="1" name="master22.fall" time="0.014" errors="0" timestamp="2021-11-11T22:12:05 IST" skipped="0">
  <testcase classname="master22.fall" name="reel" time="0.014"/>
  <system-out/>
</testsuite> <!-- master22.fall -->
